2024-06-22 14:48:26,639 [INFO] Activator:176 - 


2024-06-22 14:48:26,642 [INFO] Activator:177 - !SESSION log4j initialized
2024-06-22 14:48:30,046 [INFO] LogOutputStream:77 - [STDOUT_REDIRECT] 
2024-06-22 14:48:32,214 [INFO] ApplicationProperties:184 - Using Application install path: C:\ST\STM32CubeIDE_1.13.2\STM32CubeIDE\plugins\com.st.stm32cube.common.mx_6.11.0.202403141607
2024-06-22 14:48:32,240 [INFO] DbMcusXml:78 - Set database path to: C:\ST\STM32CubeIDE_1.13.2\STM32CubeIDE\plugins\com.st.stm32cube.common.mx_6.11.0.202403141607\\db\/mcu/
2024-06-22 14:48:32,241 [INFO] ApiDb:274 - Set plugin database path to: C:\ST\STM32CubeIDE_1.13.2\STM32CubeIDE\plugins\com.st.stm32cube.common.mx_6.11.0.202403141607\\db\/plugins/boardmanager/
2024-06-22 14:48:32,241 [WARN] ApiDb:259 - Overriding images path with different value:  => C:\ST\STM32CubeIDE_1.13.2\STM32CubeIDE\plugins\com.st.stm32cube.common.mx_6.11.0.202403141607\\db\/plugins/mcufinder/images/
2024-06-22 14:48:32,248 [INFO] ApiDb:250 - Set database path to: C:\Users\pragn\.stmcufinder\plugins\mcufinder//mcu/
2024-06-22 14:48:32,249 [INFO] DbMcusAds:125 - Set database path to: C:\Users\pragn\.stmcufinder\plugins\mcufinder//mcu/
2024-06-22 14:48:32,254 [INFO] CrossReferenceDbSqlite:203 - Set database path to: C:\Users\pragn\.stmcufinder\plugins\mcufinder//mcu/cs/
2024-06-22 14:48:32,410 [INFO] RulesReader:64 - Compatibility file has been processed (297 Rules)
2024-06-22 14:48:32,513 [INFO] DbMcusXml:78 - Set database path to: C:\ST\STM32CubeIDE_1.13.2\STM32CubeIDE\plugins\com.st.stm32cube.common.mx_6.11.0.202403141607\\db\/mcu/
2024-06-22 14:48:32,513 [INFO] ApiDb:274 - Set plugin database path to: C:\ST\STM32CubeIDE_1.13.2\STM32CubeIDE\plugins\com.st.stm32cube.common.mx_6.11.0.202403141607\\db\/plugins/boardmanager/
2024-06-22 14:48:32,513 [INFO] ApiDb:261 - Set plugin images path to: C:\ST\STM32CubeIDE_1.13.2\STM32CubeIDE\plugins\com.st.stm32cube.common.mx_6.11.0.202403141607\\db\/plugins/mcufinder/images/
2024-06-22 14:48:32,514 [WARN] DbFile:41 - Overriding database path with different value: C:\Users\pragn\.stmcufinder\plugins\mcufinder/ => C:\Users\pragn\.stmcufinder\plugins\mcufinder
2024-06-22 14:48:32,514 [INFO] ApiDb:250 - Set database path to: C:\Users\pragn\.stmcufinder\plugins\mcufinder//mcu/
2024-06-22 14:48:32,514 [WARN] DbFile:41 - Overriding database path with different value: C:\Users\pragn\.stmcufinder\plugins\mcufinder/ => C:\Users\pragn\.stmcufinder\plugins\mcufinder
2024-06-22 14:48:32,514 [INFO] DbMcusAds:125 - Set database path to: C:\Users\pragn\.stmcufinder\plugins\mcufinder//mcu/
2024-06-22 14:48:32,514 [WARN] DbFile:41 - Overriding database path with different value: C:\Users\pragn\.stmcufinder\plugins\mcufinder/ => C:\Users\pragn\.stmcufinder\plugins\mcufinder
2024-06-22 14:48:32,514 [WARN] DbFile:41 - Overriding database path with different value: C:\Users\pragn\.stmcufinder\plugins\mcufinder/ => C:\Users\pragn\.stmcufinder\plugins\mcufinder
2024-06-22 14:48:32,514 [INFO] CrossReferenceDbSqlite:203 - Set database path to: C:\Users\pragn\.stmcufinder\plugins\mcufinder//mcu/cs/
2024-06-22 14:48:32,626 [INFO] MainPanel:264 - HeapMemory: 268435456
2024-06-22 14:48:32,735 [INFO] DbMcusXml:78 - Set database path to: C:\ST\STM32CubeIDE_1.13.2\STM32CubeIDE\plugins\com.st.stm32cube.common.mx_6.11.0.202403141607\\db\/mcu/
2024-06-22 14:48:32,735 [INFO] ApiDb:274 - Set plugin database path to: C:\ST\STM32CubeIDE_1.13.2\STM32CubeIDE\plugins\com.st.stm32cube.common.mx_6.11.0.202403141607\\db\/plugins/boardmanager/
2024-06-22 14:48:32,735 [INFO] ApiDb:261 - Set plugin images path to: C:\ST\STM32CubeIDE_1.13.2\STM32CubeIDE\plugins\com.st.stm32cube.common.mx_6.11.0.202403141607\\db\/plugins/mcufinder/images/
2024-06-22 14:48:32,736 [WARN] DbFile:41 - Overriding database path with different value: C:\Users\pragn\.stmcufinder\plugins\mcufinder/ => C:\Users\pragn\.stmcufinder\plugins\mcufinder
2024-06-22 14:48:32,736 [INFO] ApiDb:250 - Set database path to: C:\Users\pragn\.stmcufinder\plugins\mcufinder//mcu/
2024-06-22 14:48:32,736 [WARN] DbFile:41 - Overriding database path with different value: C:\Users\pragn\.stmcufinder\plugins\mcufinder/ => C:\Users\pragn\.stmcufinder\plugins\mcufinder
2024-06-22 14:48:32,736 [INFO] DbMcusAds:125 - Set database path to: C:\Users\pragn\.stmcufinder\plugins\mcufinder//mcu/
2024-06-22 14:48:32,736 [WARN] DbFile:41 - Overriding database path with different value: C:\Users\pragn\.stmcufinder\plugins\mcufinder/ => C:\Users\pragn\.stmcufinder\plugins\mcufinder
2024-06-22 14:48:32,736 [WARN] DbFile:41 - Overriding database path with different value: C:\Users\pragn\.stmcufinder\plugins\mcufinder/ => C:\Users\pragn\.stmcufinder\plugins\mcufinder
2024-06-22 14:48:32,737 [INFO] CrossReferenceDbSqlite:203 - Set database path to: C:\Users\pragn\.stmcufinder\plugins\mcufinder//mcu/cs/
2024-06-22 14:48:32,757 [INFO] ApplicationProperties:184 - Using Application install path: C:\ST\STM32CubeIDE_1.13.2\STM32CubeIDE\plugins\com.st.stm32cube.common.mx_6.11.0.202403141607
2024-06-22 14:48:32,759 [INFO] PluginManage:196 - Search for loadable plugins [exclusion list=, ]
2024-06-22 14:48:32,760 [INFO] PluginManage:310 - Check plugin analytics
2024-06-22 14:48:32,978 [INFO] AnalyticsPlugin:253 - Accepted Software Licenses: 
2024-06-22 14:48:32,979 [INFO] AnalyticsPlugin:255 - Accepted CMSIS Pack Licenses: 
2024-06-22 14:48:32,979 [INFO] AnalyticsPlugin:257 - Accepted Firmware Licenses: 
2024-06-22 14:48:32,983 [INFO] PluginManage:359 - Loaded plugin analytics (category:tool,tabindex:-1)
2024-06-22 14:48:32,984 [INFO] PluginManage:310 - Check plugin cadmodel
2024-06-22 14:48:32,989 [INFO] CADModel:105 - Init CAD model plugin
2024-06-22 14:48:32,990 [INFO] PluginManage:359 - Loaded plugin cadmodel (category:power,tabindex:5)
2024-06-22 14:48:32,990 [INFO] PluginManage:310 - Check plugin clock
2024-06-22 14:48:33,000 [INFO] PluginManage:359 - Loaded plugin clock (category:base,tabindex:2)
2024-06-22 14:48:33,000 [INFO] PluginManage:310 - Check plugin ddr
2024-06-22 14:48:33,003 [INFO] PluginManage:359 - Loaded plugin ddr (category:tool,tabindex:6)
2024-06-22 14:48:33,003 [INFO] PluginManage:310 - Check plugin filemanager
2024-06-22 14:48:33,190 [INFO] PluginManage:359 - Loaded plugin filemanager (category:base,tabindex:10)
2024-06-22 14:48:33,192 [INFO] PluginManage:310 - Check plugin ipmanager
2024-06-22 14:48:33,200 [INFO] PluginManage:359 - Loaded plugin ipmanager (category:base,tabindex:5)
2024-06-22 14:48:33,200 [INFO] PluginManage:310 - Check plugin lpbam
2024-06-22 14:48:33,210 [INFO] PluginManage:359 - Loaded plugin lpbam (category:base,tabindex:0)
2024-06-22 14:48:33,211 [INFO] PluginManage:310 - Check plugin memorymap
2024-06-22 14:48:33,229 [INFO] PluginManage:359 - Loaded plugin memorymap (category:base,tabindex:4)
2024-06-22 14:48:33,229 [INFO] PluginManage:310 - Check plugin pinoutandconfiguration
2024-06-22 14:48:33,236 [INFO] PluginManage:359 - Loaded plugin pinoutandconfiguration (category:base,tabindex:1)
2024-06-22 14:48:33,236 [INFO] PluginManage:310 - Check plugin pinoutconfig
2024-06-22 14:48:33,397 [WARN] SupportedApi:132 - Cannot load RTOS API schema: s4s-elt-must-match.1: The content of 'definitions' must match (annotation?, (simpleType | complexType)?, (unique | key | keyref)*)). A problem was found starting at: attribute.
2024-06-22 14:48:33,586 [INFO] PluginManage:359 - Loaded plugin pinoutconfig (category:base,tabindex:0)
2024-06-22 14:48:33,587 [INFO] PluginManage:310 - Check plugin power
2024-06-22 14:48:33,602 [INFO] PluginManage:359 - Loaded plugin power (category:power,tabindex:4)
2024-06-22 14:48:33,603 [INFO] PluginManage:310 - Check plugin projectmanager
2024-06-22 14:48:33,623 [INFO] PluginManage:359 - Loaded plugin projectmanager (category:projectmanager,tabindex:3)
2024-06-22 14:48:33,623 [INFO] PluginManage:310 - Check plugin thirdparty
2024-06-22 14:48:33,773 [INFO] PluginManage:359 - Loaded plugin thirdparty (category:base,tabindex:-1)
2024-06-22 14:48:33,773 [INFO] PluginManage:310 - Check plugin tools
2024-06-22 14:48:33,773 [WARN] IntegrityCheckThread:84 - waiting for thirdparty lock release [integrity check]
2024-06-22 14:48:33,774 [INFO] IntegrityCheckThread:86 - entering critical section [integrity check]
2024-06-22 14:48:33,774 [INFO] ThirdPartyUpdaterWithRetryManager:70 - Updater plugin not ready yet. [1/15]
2024-06-22 14:48:33,777 [INFO] PluginManage:359 - Loaded plugin tools (category:base,tabindex:7)
2024-06-22 14:48:33,778 [INFO] PluginManage:310 - Check plugin tutovideos
2024-06-22 14:48:34,018 [INFO] PluginManage:359 - Loaded plugin tutovideos (category:base,tabindex:-1)
2024-06-22 14:48:34,018 [INFO] PluginManage:310 - Check plugin updater
2024-06-22 14:48:34,032 [INFO] PluginManage:359 - Loaded plugin updater (category:base,tabindex:12)
2024-06-22 14:48:34,033 [INFO] PluginManage:310 - Check plugin userauth
2024-06-22 14:48:34,039 [INFO] UserAuth:114 - Init User Auth plugin
2024-06-22 14:48:34,039 [INFO] PluginManage:359 - Loaded plugin userauth (category:base,tabindex:14)
2024-06-22 14:48:34,040 [INFO] PluginManage:283 - PluginManage : Loaded plugins [17]
2024-06-22 14:48:34,290 [INFO] PinOutPanel:1561 - setPackage(No Configuration,No Configuration)
2024-06-22 14:48:34,377 [INFO] CADModel:165 - CPN selected for project level
2024-06-22 14:48:34,379 [INFO] CADModel:114 - Register for checkConnection events
2024-06-22 14:48:34,398 [INFO] IPUIPlugin:80 - create IPUIPlugin
2024-06-22 14:48:34,398 [INFO] PluginManager:220 - loadIPPluginJar : add adc
2024-06-22 14:48:34,400 [INFO] IPUIPlugin:80 - create IPUIPlugin
2024-06-22 14:48:34,400 [INFO] PluginManager:220 - loadIPPluginJar : add aes
2024-06-22 14:48:34,403 [INFO] IPUIPlugin:80 - create IPUIPlugin
2024-06-22 14:48:34,403 [INFO] PluginManager:220 - loadIPPluginJar : add can
2024-06-22 14:48:34,405 [INFO] IPUIPlugin:80 - create IPUIPlugin
2024-06-22 14:48:34,405 [INFO] PluginManager:220 - loadIPPluginJar : add comp
2024-06-22 14:48:34,408 [INFO] IPUIPlugin:80 - create IPUIPlugin
2024-06-22 14:48:34,408 [INFO] PluginManager:220 - loadIPPluginJar : add cryp
2024-06-22 14:48:34,412 [INFO] IPUIPlugin:80 - create IPUIPlugin
2024-06-22 14:48:34,412 [INFO] PluginManager:220 - loadIPPluginJar : add dfsdm
2024-06-22 14:48:34,417 [INFO] IPUIPlugin:80 - create IPUIPlugin
2024-06-22 14:48:34,418 [INFO] PluginManager:220 - loadIPPluginJar : add dma
2024-06-22 14:48:34,422 [INFO] IPUIPlugin:80 - create IPUIPlugin
2024-06-22 14:48:34,422 [INFO] PluginManager:220 - loadIPPluginJar : add dma3
2024-06-22 14:48:34,425 [INFO] IPUIPlugin:80 - create IPUIPlugin
2024-06-22 14:48:34,425 [INFO] PluginManager:220 - loadIPPluginJar : add extmemmanager
2024-06-22 14:48:34,427 [INFO] IPUIPlugin:80 - create IPUIPlugin
2024-06-22 14:48:34,427 [INFO] PluginManager:220 - loadIPPluginJar : add fatfs
2024-06-22 14:48:34,431 [INFO] IPUIPlugin:80 - create IPUIPlugin
2024-06-22 14:48:34,432 [INFO] PluginManager:220 - loadIPPluginJar : add fmc
2024-06-22 14:48:34,437 [INFO] IPUIPlugin:80 - create IPUIPlugin
2024-06-22 14:48:34,437 [INFO] PluginManager:220 - loadIPPluginJar : add freertos
2024-06-22 14:48:34,439 [INFO] IPUIPlugin:80 - create IPUIPlugin
2024-06-22 14:48:34,439 [INFO] PluginManager:220 - loadIPPluginJar : add genericplugin
2024-06-22 14:48:34,440 [INFO] IPUIPlugin:80 - create IPUIPlugin
2024-06-22 14:48:34,442 [INFO] PluginManager:220 - loadIPPluginJar : add gfxmmu
2024-06-22 14:48:34,446 [INFO] IPUIPlugin:80 - create IPUIPlugin
2024-06-22 14:48:34,447 [INFO] PluginManager:220 - loadIPPluginJar : add gic
2024-06-22 14:48:34,451 [INFO] IPUIPlugin:80 - create IPUIPlugin
2024-06-22 14:48:34,451 [INFO] PluginManager:220 - loadIPPluginJar : add gpio
2024-06-22 14:48:34,454 [INFO] IPUIPlugin:80 - create IPUIPlugin
2024-06-22 14:48:34,454 [INFO] PluginManager:220 - loadIPPluginJar : add gtzc
2024-06-22 14:48:34,458 [INFO] IPUIPlugin:80 - create IPUIPlugin
2024-06-22 14:48:34,458 [INFO] PluginManager:220 - loadIPPluginJar : add hash
2024-06-22 14:48:34,461 [INFO] IPUIPlugin:80 - create IPUIPlugin
2024-06-22 14:48:34,461 [INFO] PluginManager:220 - loadIPPluginJar : add i2c
2024-06-22 14:48:34,463 [INFO] IPUIPlugin:80 - create IPUIPlugin
2024-06-22 14:48:34,463 [INFO] PluginManager:220 - loadIPPluginJar : add i2s
2024-06-22 14:48:34,465 [INFO] IPUIPlugin:80 - create IPUIPlugin
2024-06-22 14:48:34,466 [INFO] PluginManager:220 - loadIPPluginJar : add i3c
2024-06-22 14:48:34,470 [INFO] IPUIPlugin:80 - create IPUIPlugin
2024-06-22 14:48:34,470 [INFO] PluginManager:220 - loadIPPluginJar : add ipddr
2024-06-22 14:48:34,479 [INFO] IPUIPlugin:80 - create IPUIPlugin
2024-06-22 14:48:34,479 [INFO] PluginManager:220 - loadIPPluginJar : add linkedlist
2024-06-22 14:48:34,482 [INFO] IPUIPlugin:80 - create IPUIPlugin
2024-06-22 14:48:34,482 [INFO] PluginManager:220 - loadIPPluginJar : add lorawan
2024-06-22 14:48:34,484 [INFO] IPUIPlugin:80 - create IPUIPlugin
2024-06-22 14:48:34,484 [INFO] PluginManager:220 - loadIPPluginJar : add ltdc
2024-06-22 14:48:34,490 [INFO] IPUIPlugin:80 - create IPUIPlugin
2024-06-22 14:48:34,490 [INFO] PluginManager:220 - loadIPPluginJar : add mdma
2024-06-22 14:48:34,493 [INFO] IPUIPlugin:80 - create IPUIPlugin
2024-06-22 14:48:34,493 [INFO] PluginManager:220 - loadIPPluginJar : add nvic
2024-06-22 14:48:34,497 [INFO] IPUIPlugin:80 - create IPUIPlugin
2024-06-22 14:48:34,497 [INFO] PluginManager:220 - loadIPPluginJar : add opamp
2024-06-22 14:48:34,500 [INFO] IPUIPlugin:80 - create IPUIPlugin
2024-06-22 14:48:34,500 [INFO] PluginManager:220 - loadIPPluginJar : add openamp
2024-06-22 14:48:34,504 [INFO] IPUIPlugin:80 - create IPUIPlugin
2024-06-22 14:48:34,505 [INFO] PluginManager:220 - loadIPPluginJar : add pdm2pcm
2024-06-22 14:48:34,513 [INFO] IPUIPlugin:80 - create IPUIPlugin
2024-06-22 14:48:34,516 [INFO] PluginManager:220 - loadIPPluginJar : add plateformsettings
2024-06-22 14:48:34,517 [INFO] IPUIPlugin:80 - create IPUIPlugin
2024-06-22 14:48:34,517 [INFO] PluginManager:220 - loadIPPluginJar : add quadspi
2024-06-22 14:48:34,520 [INFO] IPUIPlugin:80 - create IPUIPlugin
2024-06-22 14:48:34,520 [INFO] PluginManager:220 - loadIPPluginJar : add resmgrutility
2024-06-22 14:48:34,525 [INFO] IPUIPlugin:80 - create IPUIPlugin
2024-06-22 14:48:34,525 [INFO] PluginManager:220 - loadIPPluginJar : add sai
2024-06-22 14:48:34,528 [INFO] IPUIPlugin:80 - create IPUIPlugin
2024-06-22 14:48:34,528 [INFO] PluginManager:220 - loadIPPluginJar : add spi
2024-06-22 14:48:34,533 [INFO] IPUIPlugin:80 - create IPUIPlugin
2024-06-22 14:48:34,533 [INFO] PluginManager:220 - loadIPPluginJar : add stm32_wpan
2024-06-22 14:48:34,535 [INFO] IPUIPlugin:80 - create IPUIPlugin
2024-06-22 14:48:34,535 [INFO] PluginManager:220 - loadIPPluginJar : add tim
2024-06-22 14:48:34,539 [INFO] IPUIPlugin:80 - create IPUIPlugin
2024-06-22 14:48:34,539 [INFO] PluginManager:220 - loadIPPluginJar : add touchsensing
2024-06-22 14:48:34,542 [INFO] IPUIPlugin:80 - create IPUIPlugin
2024-06-22 14:48:34,542 [INFO] PluginManager:220 - loadIPPluginJar : add tracer_emb
2024-06-22 14:48:34,544 [INFO] IPUIPlugin:80 - create IPUIPlugin
2024-06-22 14:48:34,544 [INFO] PluginManager:220 - loadIPPluginJar : add ts
2024-06-22 14:48:34,546 [INFO] IPUIPlugin:80 - create IPUIPlugin
2024-06-22 14:48:34,547 [INFO] PluginManager:220 - loadIPPluginJar : add tsc
2024-06-22 14:48:34,549 [INFO] IPUIPlugin:80 - create IPUIPlugin
2024-06-22 14:48:34,549 [INFO] PluginManager:220 - loadIPPluginJar : add ucpd
2024-06-22 14:48:34,552 [INFO] IPUIPlugin:80 - create IPUIPlugin
2024-06-22 14:48:34,553 [INFO] PluginManager:220 - loadIPPluginJar : add usart
2024-06-22 14:48:34,556 [INFO] IPUIPlugin:80 - create IPUIPlugin
2024-06-22 14:48:34,556 [INFO] PluginManager:220 - loadIPPluginJar : add usbx
2024-06-22 14:48:34,680 [INFO] CADModel:165 - CPN selected for project level
2024-06-22 14:48:34,680 [INFO] CADModel:114 - Register for checkConnection events
2024-06-22 14:48:34,680 [FATAL] Updater:308 - Updater called before beeing initialized
2024-06-22 14:48:34,682 [ERROR] CADModel:125 - Updater not yet initialized, retry later 
2024-06-22 14:48:34,841 [INFO] CADModel:165 - CPN selected for project level
2024-06-22 14:48:34,841 [INFO] CADModel:114 - Register for checkConnection events
2024-06-22 14:48:34,841 [FATAL] Updater:308 - Updater called before beeing initialized
2024-06-22 14:48:34,842 [ERROR] CADModel:125 - Updater not yet initialized, retry later 
2024-06-22 14:48:34,844 [FATAL] Updater:308 - Updater called before beeing initialized
2024-06-22 14:48:34,944 [FATAL] Updater:308 - Updater called before beeing initialized
2024-06-22 14:48:34,950 [INFO] DbMcusAds:53 - JSON generation date=Thu May 16 14:52:00 IST 2024 (1715851320852)
2024-06-22 14:48:34,950 [FATAL] Updater:308 - Updater called before beeing initialized
2024-06-22 14:48:34,993 [WARN] DetailPanel:346 - Failed to get advertising image, set to default
2024-06-22 14:48:35,087 [FATAL] Updater:308 - Updater called before beeing initialized
2024-06-22 14:48:35,089 [FATAL] Updater:308 - Updater called before beeing initialized
2024-06-22 14:48:35,089 [FATAL] Updater:308 - Updater called before beeing initialized
2024-06-22 14:48:35,089 [WARN] DetailPanel:346 - Failed to get advertising image, set to default
2024-06-22 14:48:35,090 [FATAL] Updater:308 - Updater called before beeing initialized
2024-06-22 14:48:35,129 [ERROR] Updater:1120 - MainUpdater not yet initialized. External WinMGr cannot be set.
2024-06-22 14:48:35,130 [INFO] Updater:1056 - Updater Version found : 6.11.0
2024-06-22 14:48:35,153 [INFO] ApplicationProperties:184 - Using Application install path: C:\ST\STM32CubeIDE_1.13.2\STM32CubeIDE\plugins\com.st.stm32cube.common.mx_6.11.0.202403141607
2024-06-22 14:48:35,825 [INFO] McuFinderGlobals:63 - Set McuFinder mode to 2 (CubeIDE integrated)
2024-06-22 14:48:36,063 [INFO] MainUpdater:2873 - connection check result : 10
2024-06-22 14:48:36,064 [INFO] MainUpdater:290 - Updater Check For Update Now.
2024-06-22 14:48:36,064 [INFO] MicroXplorer:498 - Change Database Version : DB.6.0.110
2024-06-22 14:48:36,070 [INFO] McuFinderGlobals:63 - Set McuFinder mode to 2 (CubeIDE integrated)
2024-06-22 14:48:36,081 [INFO] UserAuth:415 - Internet connection configuration mode: 1
2024-06-22 14:48:36,102 [INFO] JxBrowserEngine:152 - Initiate JxBrowser Engine with user profile folder
2024-06-22 14:48:36,280 [INFO] CheckServerUpdateThread:120 - End of CheckServer Thread
2024-06-22 14:48:36,306 [INFO] MainUpdater:2873 - connection check result : 10
2024-06-22 14:48:36,334 [INFO] McuFinderGlobals:76 - Set McuFinderConnectedMode to true
2024-06-22 14:48:36,775 [WARN] MainUpdater:1194 - Updater busy. Cannot search thirdparties
2024-06-22 14:48:36,775 [INFO] ThirdPartyUpdaterWithRetryManager:96 - Updater plugin is busy. [1/15]
2024-06-22 14:48:36,988 [INFO] ServerAccessManage:473 - Download File mcusAds.json._tmp_
2024-06-22 14:48:37,127 [INFO] LoadUrlFilesThread:156 - End of LoadUrlFiles Thread
2024-06-22 14:48:37,355 [INFO] WebApp:161 - Instantiating new browser for Auth
2024-06-22 14:48:37,608 [INFO] ServerAccessManage:473 - Download File cube-finder-db.zip
2024-06-22 14:48:38,348 [INFO] WebApp:779 - Register for checkConnection events
2024-06-22 14:48:38,349 [INFO] WebApp:414 - Apply proxy settings
2024-06-22 14:48:38,349 [INFO] WebApp:499 - Chromium requires no authentication
2024-06-22 14:48:38,361 [INFO] WebApp:442 - Direct internet connection detected
2024-06-22 14:48:38,588 [INFO] WebApp:192 - Starting web application
2024-06-22 14:48:38,589 [INFO] WebApp:544 - Web application path used C:\ST\STM32CubeIDE_1.13.2\STM32CubeIDE\plugins\com.st.stm32cube.common.mx_6.11.0.202403141607\db\plugins\mcufinder\reactClient1\index.html
2024-06-22 14:48:39,777 [WARN] MainUpdater:1194 - Updater busy. Cannot search thirdparties
2024-06-22 14:48:39,777 [INFO] ThirdPartyUpdaterWithRetryManager:96 - Updater plugin is busy. [2/15]
2024-06-22 14:48:42,777 [WARN] MainUpdater:1194 - Updater busy. Cannot search thirdparties
2024-06-22 14:48:42,777 [INFO] ThirdPartyUpdaterWithRetryManager:96 - Updater plugin is busy. [3/15]
2024-06-22 14:48:45,779 [WARN] MainUpdater:1194 - Updater busy. Cannot search thirdparties
2024-06-22 14:48:45,779 [INFO] ThirdPartyUpdaterWithRetryManager:96 - Updater plugin is busy. [4/15]
2024-06-22 14:48:48,781 [WARN] MainUpdater:1194 - Updater busy. Cannot search thirdparties
2024-06-22 14:48:48,781 [INFO] ThirdPartyUpdaterWithRetryManager:96 - Updater plugin is busy. [5/15]
2024-06-22 14:48:51,783 [WARN] MainUpdater:1194 - Updater busy. Cannot search thirdparties
2024-06-22 14:48:51,783 [INFO] ThirdPartyUpdaterWithRetryManager:96 - Updater plugin is busy. [6/15]
2024-06-22 14:48:54,783 [WARN] MainUpdater:1194 - Updater busy. Cannot search thirdparties
2024-06-22 14:48:54,783 [INFO] ThirdPartyUpdaterWithRetryManager:96 - Updater plugin is busy. [7/15]
2024-06-22 14:48:57,786 [WARN] MainUpdater:1194 - Updater busy. Cannot search thirdparties
2024-06-22 14:48:57,786 [INFO] ThirdPartyUpdaterWithRetryManager:96 - Updater plugin is busy. [8/15]
2024-06-22 14:49:00,786 [WARN] MainUpdater:1194 - Updater busy. Cannot search thirdparties
2024-06-22 14:49:00,786 [INFO] ThirdPartyUpdaterWithRetryManager:96 - Updater plugin is busy. [9/15]
2024-06-22 14:49:03,787 [WARN] MainUpdater:1194 - Updater busy. Cannot search thirdparties
2024-06-22 14:49:03,787 [INFO] ThirdPartyUpdaterWithRetryManager:96 - Updater plugin is busy. [10/15]
2024-06-22 14:49:06,790 [WARN] MainUpdater:1194 - Updater busy. Cannot search thirdparties
2024-06-22 14:49:06,790 [INFO] ThirdPartyUpdaterWithRetryManager:96 - Updater plugin is busy. [11/15]
2024-06-22 14:49:09,792 [WARN] MainUpdater:1194 - Updater busy. Cannot search thirdparties
2024-06-22 14:49:09,792 [INFO] ThirdPartyUpdaterWithRetryManager:96 - Updater plugin is busy. [12/15]
2024-06-22 14:49:12,792 [WARN] MainUpdater:1194 - Updater busy. Cannot search thirdparties
2024-06-22 14:49:12,792 [INFO] ThirdPartyUpdaterWithRetryManager:96 - Updater plugin is busy. [13/15]
2024-06-22 14:49:15,793 [WARN] MainUpdater:1194 - Updater busy. Cannot search thirdparties
2024-06-22 14:49:15,793 [INFO] ThirdPartyUpdaterWithRetryManager:96 - Updater plugin is busy. [14/15]
2024-06-22 14:49:18,795 [WARN] MainUpdater:1194 - Updater busy. Cannot search thirdparties
2024-06-22 14:49:18,795 [INFO] ThirdPartyUpdaterWithRetryManager:96 - Updater plugin is busy. [15/15]
2024-06-22 14:49:18,796 [ERROR] IntegrityCheckThread:130 - Cannot retrieve database content from updater: error -1
2024-06-22 14:49:18,796 [INFO] ThirdParty:978 - Integrity check success = false
2024-06-22 14:49:18,796 [INFO] IntegrityCheckThread:100 - exiting critical section [integrity check]
2024-06-22 14:49:18,796 [INFO] IntegrityCheckThread:103 - End integrity checks thread
2024-06-22 14:49:57,546 [INFO] FileExtend:240 - Unzip File : cube-finder-db.zip
2024-06-22 14:49:57,546 [INFO] FileExtend:255 - Standard Zip Deflate
2024-06-22 14:49:58,542 [INFO] LoadUrlFilesThread:156 - End of LoadUrlFiles Thread
2024-06-22 14:50:00,014 [INFO] ServerAccessManage:473 - Download File crdb.zip
2024-06-22 14:50:03,334 [INFO] FileExtend:240 - Unzip File : crdb.zip
2024-06-22 14:50:03,334 [INFO] FileExtend:255 - Standard Zip Deflate
2024-06-22 14:50:03,479 [INFO] LoadUrlFilesThread:156 - End of LoadUrlFiles Thread
2024-06-22 14:50:04,173 [INFO] ServerAccessManage:473 - Download File tutoVideoDB.zip
2024-06-22 14:50:04,516 [INFO] FileExtend:240 - Unzip File : tutoVideoDB.zip
2024-06-22 14:50:04,516 [INFO] FileExtend:255 - Standard Zip Deflate
2024-06-22 14:50:04,647 [INFO] LoadUrlFilesThread:156 - End of LoadUrlFiles Thread
2024-06-22 14:50:04,650 [WARN] DbFile:41 - Overriding database path with different value: C:\Users\pragn\.stmcufinder\plugins\mcufinder/ => C:\Users\pragn\.stmcufinder\plugins\mcufinder
2024-06-22 14:50:05,057 [INFO] ServerAccessManage:473 - Download File api_config.json
2024-06-22 14:50:05,168 [INFO] LoadUrlFilesThread:156 - End of LoadUrlFiles Thread
2024-06-22 14:50:05,171 [INFO] DbMcusAds:53 - JSON generation date=Thu May 16 14:52:00 IST 2024 (1715851320852)
2024-06-22 14:50:05,196 [INFO] LoadUrlFilesThread:185 - End of LoadServerUrlFiles without Thread
2024-06-22 14:50:05,197 [INFO] TargetSelectorAdapter:259 - Refresh data is successful
2024-06-22 14:50:05,404 [INFO] ApiDb:581 - Connected to CubeFinder SQLite database (C:\Users\pragn\.stmcufinder\plugins\mcufinder\mcu\cube-finder-db.db)
2024-06-22 14:50:05,485 [INFO] ApiDb:668 - CubeFinder database Data Model version=2.1
2024-06-22 14:50:05,487 [INFO] ApiDb:669 - CubeFinder database Configuration version=3.0.39
2024-06-22 14:50:05,487 [INFO] ApiDb:670 - CubeFinder database generation date=2024-06-05 (1717578087)
2024-06-22 14:50:05,487 [INFO] ApiDb:671 - CubeFinder database FW Pack versions=[FP-ATR-ASTRA1_V2.0.0, FP-SNS-FLIGHT1_V5.0.1, FP-SNS-FLIGHT1_V5.0.2, FP-SNS-MOTENV1_V4.3.1, FP-SNS-MOTENV1_V4.3.2, FP-SNS-MOTENV1_V5.0.0, FP-SNS-MOTENVWB1_V1.4.0, FP-SNS-SMARTAG2_V1.2.0, STM32Cube_FW_C0_V1.1.0, STM32Cube_FW_F4_V1.28.0, STM32Cube_FW_F7_V1.17.2, STM32Cube_FW_G0_V1.6.2, STM32Cube_FW_G4_V1.5.2, STM32Cube_FW_H5_V0.5.1, STM32Cube_FW_H5_V1.1.1, STM32Cube_FW_H5_V1.2.0, STM32Cube_FW_H5_V1.2.0RC4, STM32Cube_FW_H7RS_V1.0.0, STM32Cube_FW_H7RS_V1.0.0RC4, STM32Cube_FW_H7_V1.11.2, STM32Cube_FW_L0_V1.12.2, STM32Cube_FW_L5_V1.5.1, STM32Cube_FW_U0_V1.0.0, STM32Cube_FW_U0_V1.0.0RC1, STM32Cube_FW_U5_V1.3.0RC4, STM32Cube_FW_U5_V1.5.0, STM32Cube_FW_U5_V1.5.0RC1, STM32Cube_FW_WBA_V1.0.0RC1, STM32Cube_FW_WBA_V1.2.0, STM32Cube_FW_WBA_V1.2.0RC2, STM32Cube_FW_WBA_V1.3.0RC1, STM32Cube_FW_WBA_V1.3.1, STM32Cube_FW_WB_V1.15.0RC1, STM32Cube_FW_WB_V1.16.0, STM32Cube_FW_WB_V1.16.0RC2, STM32Cube_FW_WB_V1.18.0, STM32Cube_FW_WB_V1.19.0, STM32Cube_FW_WL_V1.3.0, X-CUBE-ALGOBUILD_V1.4.0, X-CUBE-ALS_V1.0.1, X-CUBE-ALS_V1.0.2, X-CUBE-AZRTOS-F4_V1.1.0, X-CUBE-AZRTOS-F7_V1.1.0, X-CUBE-AZRTOS-G0_V1.1.0, X-CUBE-AZRTOS-G4_V2.0.0, X-CUBE-AZRTOS-H7RS_V1.0.0, X-CUBE-AZRTOS-H7_V3.2.0, X-CUBE-AZRTOS-L4_V1.0.0, X-CUBE-AZRTOS-L4_V2.0.0, X-CUBE-AZRTOS-L5_V1.1.0, X-CUBE-AZRTOS-WB_V2.0.0, X-CUBE-AZRTOS-WL_V2.0.0, X-CUBE-BLE1_V7.0.0, X-CUBE-BLE2_V3.3.0, X-CUBE-BLEMGR_V3.1.0, X-CUBE-EEPRMA1_V4.1.0, X-CUBE-EEPRMA1_V5.1.0, X-CUBE-FREERTOS_V1.2.0, X-CUBE-GNSS1_V6.0.0, X-CUBE-MEMS1_V10.0.0, X-CUBE-MEMS1_V9.1.0, X-CUBE-MEMS1_V9.4.0, X-CUBE-MEMS1_V9.6.0, X-CUBE-NFC4_V3.0.0, X-CUBE-NFC7_V1.0.1, X-CUBE-SFXS2LP1_V4.0.0, X-CUBE-SUBG2_V5.0.0, X-CUBE-TOF1_V3.4.1]
2024-06-22 14:50:07,970 [INFO] ApiDb:240 - Found 483 in-development CPN: [B-G473E-ZEST1S, B-WB1M-WPAN1, B-WL5M-SUBG1, NUCLEO-C031C6, NUCLEO-H503RB, NUCLEO-H533RE, NUCLEO-H563ZI, NUCLEO-H7S3L8, NUCLEO-U031R8, NUCLEO-U083RC, NUCLEO-U545RE-Q, NUCLEO-U5A5ZJ-Q, NUCLEO-WBA52CG, NUCLEO-WBA55CG, STEVAL-PROTEUS1, STEVAL-SMARTAG2, STEVAL-STWINBX1, STM320518-EVAL, STM32C0116-DK, STM32C011D6Y3TR, STM32C011D6Y6TR, STM32C011F4P3, STM32C011F4P6, STM32C011F4U3, STM32C011F4U6TR, STM32C011F6P3, STM32C011F6P6, STM32C011F6U3, STM32C011F6U6TR, STM32C011J4M3, STM32C011J4M6, STM32C011J6M3, STM32C011J6M6, STM32C0316-DK, STM32C031C4T3, STM32C031C4T6, STM32C031C4U3, STM32C031C4U6, STM32C031C6T3, STM32C031C6T6, STM32C031C6U3, STM32C031C6U6, STM32C031F4P3, STM32C031F4P6, STM32C031F6P3, STM32C031F6P6, STM32C031G4U3, STM32C031G4U6, STM32C031G6U3, STM32C031G6U6, STM32C031K4T3, STM32C031K4T6, STM32C031K4U3, STM32C031K4U6, STM32C031K6T3, STM32C031K6T6, STM32C031K6U3, STM32C031K6U6, STM32G071K8TXN, STM32G071K8UXN, STM32G081GBU6N, STM32G081KBT6N, STM32G081KBUXN, STM32G0B1CCT6N, STM32G0B1KCT6, STM32G0B1NEY6TR, STM32G0B1RCT6N, STM32G0C1CCT6, STM32G0C1CCT6N, STM32G0C1CCU6N, STM32G0C1CET6N, STM32G0C1CEU6N, STM32G0C1KCT6, STM32G0C1NEY6TR, STM32G0C1RCI6N, STM32G0C1RCT6N, STM32G0C1REI6N, STM32G0C1RET6N, STM32G0C1VCI6, STM32G0C1VEI6, STM32G471CCT6, STM32G471CCU6, STM32G471CET3, STM32G471CET6, STM32G471CEU3, STM32G471CEU6, STM32G471MCT6, STM32G471MET3, STM32G471MET6, STM32G471MEY6TR, STM32G471QCT6, STM32G471QET3, STM32G471RCT6, STM32G471RET3, STM32G471RET6, STM32G471VCH6, STM32G471VCI6, STM32G471VCT6, STM32G471VEH3, STM32G471VEH6, STM32G471VEI3, STM32G471VEI6, STM32G471VET3, STM32G471VET6, STM32G474CCT6, STM32H503CBT6, STM32H503CBU6, STM32H503EBY6TR, STM32H503KBU6, STM32H503RBT6, STM32H523CCT6, STM32H523CCU6, STM32H523CET6, STM32H523CEU6, STM32H523HEY6TR, STM32H523RCT6, STM32H523RET6, STM32H523VCI6, STM32H523VCT6, STM32H523VEI6, STM32H523VET6, STM32H523ZCJ6, STM32H523ZCT6, STM32H523ZEJ6, STM32H523ZET6, STM32H533CET6, STM32H533CEU6, STM32H533HEY6TR, STM32H533RET6, STM32H533VEI6, STM32H533VET6, STM32H533ZEJ6, STM32H533ZET6, STM32H562AGI6, STM32H562AII6, STM32H562IGK6, STM32H562IGT6, STM32H562IIK6, STM32H562IIT6, STM32H562RGT6, STM32H562RGV6, STM32H562RIT6, STM32H562RIV6, STM32H562VGT6, STM32H562VIT6, STM32H562ZGT6, STM32H562ZIT6, STM32H563AGI6, STM32H563AII3Q, STM32H563AII6, STM32H563IGK6, STM32H563IGT6, STM32H563IIK3Q, STM32H563IIK6, STM32H563IIT3Q, STM32H563IIT6, STM32H563MIY3QTR, STM32H563RGT6, STM32H563RGV6, STM32H563RIT6, STM32H563RIV6, STM32H563VGT6, STM32H563VIT3Q, STM32H563VIT6, STM32H563ZGT6, STM32H563ZIT3Q, STM32H563ZIT6, STM32H573AII3Q, STM32H573AII6, STM32H573I-DK, STM32H573IIK3Q, STM32H573IIK6, STM32H573IIT3Q, STM32H573IIT6, STM32H573MIY3QTR, STM32H573RIT6, STM32H573RIV6, STM32H573VIT3Q, STM32H573VIT6, STM32H573ZIT3Q, STM32H573ZIT6, STM32H7R3A8I6, STM32H7R3I8K6, STM32H7R3I8T6, STM32H7R3L8H6, STM32H7R3L8H6H, STM32H7R3R8V6, STM32H7R3V8H6, STM32H7R3V8T6, STM32H7R3V8Y6, STM32H7R3Z8J6, STM32H7R3Z8T6, STM32H7R7A8I6, STM32H7R7I8K6, STM32H7R7I8T6, STM32H7R7L8H6, STM32H7R7L8H6H, STM32H7R7Z8J6, STM32H7S3A8I6, STM32H7S3I8K6, STM32H7S3I8T6, STM32H7S3L8H6, STM32H7S3L8H6H, STM32H7S3R8V6, STM32H7S3V8H6, STM32H7S3V8T6, STM32H7S3V8Y6, STM32H7S3Z8J6, STM32H7S3Z8T6, STM32H7S78-DK, STM32H7S7A8I6, STM32H7S7I8K6, STM32H7S7I8T6, STM32H7S7L8H6, STM32H7S7L8H6H, STM32H7S7Z8J6, STM32L4R5QGI6STR, STM32MP131AAE3, STM32MP131AAF3, STM32MP131AAG3, STM32MP131CAE3, STM32MP131CAF3, STM32MP131CAG3, STM32MP131DAE7, STM32MP131DAF7, STM32MP131DAG7, STM32MP131FAE7, STM32MP131FAF7, STM32MP131FAG7, STM32MP133AAE3, STM32MP133AAF3, STM32MP133AAG3, STM32MP133CAE3, STM32MP133CAF3, STM32MP133CAG3, STM32MP133DAE7, STM32MP133DAF7, STM32MP133DAG7, STM32MP133FAE7, STM32MP133FAF7, STM32MP133FAG7, STM32MP135AAE3, STM32MP135AAF3, STM32MP135AAG3, STM32MP135CAE3, STM32MP135CAF3, STM32MP135CAG3, STM32MP135DAE7, STM32MP135DAF7, STM32MP135DAG7, STM32MP135F-DK, STM32MP135FAE7, STM32MP135FAF7, STM32MP135FAF7T, STM32MP135FAF7U, STM32MP135FAG7, STM32U031C6T6, STM32U031C6U6, STM32U031C8T6, STM32U031C8U6, STM32U031F4P6, STM32U031F6P6, STM32U031F8P6, STM32U031G6Y6TR, STM32U031G8Y6TR, STM32U031K4U6, STM32U031K6U6, STM32U031K8U6, STM32U031R6I6, STM32U031R6T6, STM32U031R8I6, STM32U031R8T6, STM32U073C8T6, STM32U073C8U6, STM32U073CBT6, STM32U073CBU6, STM32U073CCT6, STM32U073CCU6, STM32U073H8Y6TR, STM32U073HBY6TR, STM32U073HCY6TR, STM32U073K8U6, STM32U073KBU6, STM32U073KCU6, STM32U073M8I6, STM32U073M8T6, STM32U073MBI6, STM32U073MBT6, STM32U073MCI6, STM32U073MCT6, STM32U073R8I6, STM32U073R8T6, STM32U073RBI6, STM32U073RBT6, STM32U073RCI6, STM32U073RCT6, STM32U083C-DK, STM32U083CCT6, STM32U083CCU6, STM32U083HCY6TR, STM32U083KCU6, STM32U083MCI6, STM32U083MCT6, STM32U083RCI6, STM32U083RCT6, STM32U535CBT6, STM32U535CBT6Q, STM32U535CBU6, STM32U535CBU6Q, STM32U535CCT6, STM32U535CCT6Q, STM32U535CCU6, STM32U535CCU6Q, STM32U535CET6, STM32U535CET6Q, STM32U535CEU6, STM32U535CEU6Q, STM32U535JEY6QTR, STM32U535NCY6QTR, STM32U535NEY6QTR, STM32U535RBI6, STM32U535RBI6Q, STM32U535RBT6, STM32U535RBT6Q, STM32U535RCI6, STM32U535RCI6Q, STM32U535RCT6, STM32U535RCT6Q, STM32U535REI6, STM32U535REI6Q, STM32U535RET6, STM32U535RET6Q, STM32U535VCI6, STM32U535VCI6Q, STM32U535VCT6, STM32U535VCT6Q, STM32U535VEI6, STM32U535VEI6Q, STM32U535VET6, STM32U535VET6Q, STM32U545CET6, STM32U545CET6Q, STM32U545CEU6, STM32U545CEU6Q, STM32U545JEY6QTR, STM32U545NEY6QTR, STM32U545REI6, STM32U545REI6Q, STM32U545RET6, STM32U545RET6Q, STM32U545VEI6, STM32U545VEI6Q, STM32U545VET6, STM32U545VET6Q, STM32U595AIH6, STM32U595AIH6Q, STM32U595AJH6, STM32U595AJH6Q, STM32U595QII6, STM32U595QII6Q, STM32U595QJI6, STM32U595QJI6Q, STM32U595RIT6, STM32U595RIT6Q, STM32U595RJT6, STM32U595RJT6Q, STM32U595VIT6, STM32U595VIT6Q, STM32U595VJT6, STM32U595VJT6Q, STM32U595ZIT6, STM32U595ZIT6Q, STM32U595ZIY6QTR, STM32U595ZJT6, STM32U595ZJT6Q, STM32U595ZJY6QTR, STM32U599BJY6QTR, STM32U599NIH6Q, STM32U599NJH6Q, STM32U599VIT6Q, STM32U599VJT6, STM32U599VJT6Q, STM32U599ZIT6Q, STM32U599ZIY6QTR, STM32U599ZJT6Q, STM32U599ZJY6QTR, STM32U5A5AJH6, STM32U5A5AJH6Q, STM32U5A5QII3Q , STM32U5A5QJI6, STM32U5A5QJI6Q, STM32U5A5RJT6, STM32U5A5RJT6Q, STM32U5A5VJT6, STM32U5A5VJT6Q, STM32U5A5ZJT6, STM32U5A5ZJT6Q, STM32U5A5ZJY6QTR, STM32U5A9BJY6QTR, STM32U5A9J-DK, STM32U5A9NJH6Q, STM32U5A9VJT6Q, STM32U5A9ZJT6Q, STM32U5A9ZJY6QTR, STM32U5F7VIT6, STM32U5F7VIT6Q, STM32U5F7VJT6, STM32U5F7VJT6Q, STM32U5F9BJY6QTR, STM32U5F9NJH6Q, STM32U5F9VIT6Q, STM32U5F9VJT6Q, STM32U5F9ZIJ6QTR, STM32U5F9ZIT6Q, STM32U5F9ZJJ6QTR, STM32U5F9ZJT6Q, STM32U5G7VJT6, STM32U5G7VJT6Q, STM32U5G9BJY6QTR, STM32U5G9J-DK1, STM32U5G9J-DK2, STM32U5G9NJH6Q, STM32U5G9VJT6Q, STM32U5G9ZJJ6QTR, STM32U5G9ZJT6Q, STM32WB1MMCH6, STM32WBA50KEU6, STM32WBA50KEU6TR, STM32WBA50KGU6, STM32WBA50KGU6TR, STM32WBA52CEU6, STM32WBA52CEU6TR, STM32WBA52CEU7, STM32WBA52CEU7TR, STM32WBA52CGU6, STM32WBA52CGU6TR, STM32WBA52CGU6U, STM32WBA52CGU7, STM32WBA52CGU7TR, STM32WBA52KEU6, STM32WBA52KEU6TR, STM32WBA52KGU6, STM32WBA52KGU6TR, STM32WBA54CEU6, STM32WBA54CEU6TR, STM32WBA54CEU7, STM32WBA54CEU7TR, STM32WBA54CGU6, STM32WBA54CGU6TR, STM32WBA54CGU7, STM32WBA54CGU7TR, STM32WBA54KEU6, STM32WBA54KEU6TR, STM32WBA54KEU7, STM32WBA54KEU7TR, STM32WBA54KGU6, STM32WBA54KGU6TR, STM32WBA54KGU7, STM32WBA54KGU7TR, STM32WBA55CEU6, STM32WBA55CEU6TR, STM32WBA55CEU7, STM32WBA55CEU7TR, STM32WBA55CGU6, STM32WBA55CGU6TR, STM32WBA55CGU6U, STM32WBA55CGU7, STM32WBA55CGU7TR, STM32WBA55G-DK1, STM32WBA55HEF6, STM32WBA55HEF7, STM32WBA55HGF6, STM32WBA55HGF7, STM32WBA55UEI6, STM32WBA55UEI6TR, STM32WBA55UEI7, STM32WBA55UEI7TR, STM32WBA55UGI6, STM32WBA55UGI6TR, STM32WBA55UGI7, STM32WBA55UGI7TR, STM32WL5MOCH6, STM32WL5MOCH6TR]
2024-06-22 14:50:07,980 [INFO] DbMcus:218 - Found 4096 MCUs, 4096 are supported
2024-06-22 14:50:07,981 [INFO] ApiDb:423 - Load user favorites file C:\Users\pragn/.stm32cubeide/favorites.mcus.txt: 0 item(s)
2024-06-22 14:50:07,981 [INFO] ApiDb:427 - User favorites MCUs=[]
2024-06-22 14:50:07,981 [INFO] DbMcus:224 - Set 0 / 0 favorites MCUs
2024-06-22 14:50:08,301 [INFO] ApiDb:668 - CubeFinder database Data Model version=2.1
2024-06-22 14:50:08,301 [INFO] ApiDb:669 - CubeFinder database Configuration version=3.0.39
2024-06-22 14:50:08,301 [INFO] ApiDb:670 - CubeFinder database generation date=2024-06-05 (1717578087)
2024-06-22 14:50:08,303 [INFO] ApiDb:671 - CubeFinder database FW Pack versions=[FP-ATR-ASTRA1_V2.0.0, FP-SNS-FLIGHT1_V5.0.1, FP-SNS-FLIGHT1_V5.0.2, FP-SNS-MOTENV1_V4.3.1, FP-SNS-MOTENV1_V4.3.2, FP-SNS-MOTENV1_V5.0.0, FP-SNS-MOTENVWB1_V1.4.0, FP-SNS-SMARTAG2_V1.2.0, STM32Cube_FW_C0_V1.1.0, STM32Cube_FW_F4_V1.28.0, STM32Cube_FW_F7_V1.17.2, STM32Cube_FW_G0_V1.6.2, STM32Cube_FW_G4_V1.5.2, STM32Cube_FW_H5_V0.5.1, STM32Cube_FW_H5_V1.1.1, STM32Cube_FW_H5_V1.2.0, STM32Cube_FW_H5_V1.2.0RC4, STM32Cube_FW_H7RS_V1.0.0, STM32Cube_FW_H7RS_V1.0.0RC4, STM32Cube_FW_H7_V1.11.2, STM32Cube_FW_L0_V1.12.2, STM32Cube_FW_L5_V1.5.1, STM32Cube_FW_U0_V1.0.0, STM32Cube_FW_U0_V1.0.0RC1, STM32Cube_FW_U5_V1.3.0RC4, STM32Cube_FW_U5_V1.5.0, STM32Cube_FW_U5_V1.5.0RC1, STM32Cube_FW_WBA_V1.0.0RC1, STM32Cube_FW_WBA_V1.2.0, STM32Cube_FW_WBA_V1.2.0RC2, STM32Cube_FW_WBA_V1.3.0RC1, STM32Cube_FW_WBA_V1.3.1, STM32Cube_FW_WB_V1.15.0RC1, STM32Cube_FW_WB_V1.16.0, STM32Cube_FW_WB_V1.16.0RC2, STM32Cube_FW_WB_V1.18.0, STM32Cube_FW_WB_V1.19.0, STM32Cube_FW_WL_V1.3.0, X-CUBE-ALGOBUILD_V1.4.0, X-CUBE-ALS_V1.0.1, X-CUBE-ALS_V1.0.2, X-CUBE-AZRTOS-F4_V1.1.0, X-CUBE-AZRTOS-F7_V1.1.0, X-CUBE-AZRTOS-G0_V1.1.0, X-CUBE-AZRTOS-G4_V2.0.0, X-CUBE-AZRTOS-H7RS_V1.0.0, X-CUBE-AZRTOS-H7_V3.2.0, X-CUBE-AZRTOS-L4_V1.0.0, X-CUBE-AZRTOS-L4_V2.0.0, X-CUBE-AZRTOS-L5_V1.1.0, X-CUBE-AZRTOS-WB_V2.0.0, X-CUBE-AZRTOS-WL_V2.0.0, X-CUBE-BLE1_V7.0.0, X-CUBE-BLE2_V3.3.0, X-CUBE-BLEMGR_V3.1.0, X-CUBE-EEPRMA1_V4.1.0, X-CUBE-EEPRMA1_V5.1.0, X-CUBE-FREERTOS_V1.2.0, X-CUBE-GNSS1_V6.0.0, X-CUBE-MEMS1_V10.0.0, X-CUBE-MEMS1_V9.1.0, X-CUBE-MEMS1_V9.4.0, X-CUBE-MEMS1_V9.6.0, X-CUBE-NFC4_V3.0.0, X-CUBE-NFC7_V1.0.1, X-CUBE-SFXS2LP1_V4.0.0, X-CUBE-SUBG2_V5.0.0, X-CUBE-TOF1_V3.4.1]
2024-06-22 14:50:08,359 [INFO] DbBoardsSqlite:226 - include board P-NUCLEO-WB55-NUCLEO as a kit item of type 'Nucleo-64'
2024-06-22 14:50:08,360 [INFO] DbBoardsSqlite:226 - include board P-NUCLEO-WB55-USBDONGLE as a kit item of type 'Nucleo USB Dongle'
2024-06-22 14:50:08,360 [INFO] DbBoardsSqlite:226 - include board STEVAL-IDP005V1 as a kit item of type 'Evaluation Board'
2024-06-22 14:50:08,360 [INFO] DbBoardsSqlite:226 - include board STEVAL-IDP005V2 as a kit item of type 'Evaluation Board'
2024-06-22 14:50:08,411 [INFO] ApiDb:240 - Found 483 in-development CPN: [B-G473E-ZEST1S, B-WB1M-WPAN1, B-WL5M-SUBG1, NUCLEO-C031C6, NUCLEO-H503RB, NUCLEO-H533RE, NUCLEO-H563ZI, NUCLEO-H7S3L8, NUCLEO-U031R8, NUCLEO-U083RC, NUCLEO-U545RE-Q, NUCLEO-U5A5ZJ-Q, NUCLEO-WBA52CG, NUCLEO-WBA55CG, STEVAL-PROTEUS1, STEVAL-SMARTAG2, STEVAL-STWINBX1, STM320518-EVAL, STM32C0116-DK, STM32C011D6Y3TR, STM32C011D6Y6TR, STM32C011F4P3, STM32C011F4P6, STM32C011F4U3, STM32C011F4U6TR, STM32C011F6P3, STM32C011F6P6, STM32C011F6U3, STM32C011F6U6TR, STM32C011J4M3, STM32C011J4M6, STM32C011J6M3, STM32C011J6M6, STM32C0316-DK, STM32C031C4T3, STM32C031C4T6, STM32C031C4U3, STM32C031C4U6, STM32C031C6T3, STM32C031C6T6, STM32C031C6U3, STM32C031C6U6, STM32C031F4P3, STM32C031F4P6, STM32C031F6P3, STM32C031F6P6, STM32C031G4U3, STM32C031G4U6, STM32C031G6U3, STM32C031G6U6, STM32C031K4T3, STM32C031K4T6, STM32C031K4U3, STM32C031K4U6, STM32C031K6T3, STM32C031K6T6, STM32C031K6U3, STM32C031K6U6, STM32G071K8TXN, STM32G071K8UXN, STM32G081GBU6N, STM32G081KBT6N, STM32G081KBUXN, STM32G0B1CCT6N, STM32G0B1KCT6, STM32G0B1NEY6TR, STM32G0B1RCT6N, STM32G0C1CCT6, STM32G0C1CCT6N, STM32G0C1CCU6N, STM32G0C1CET6N, STM32G0C1CEU6N, STM32G0C1KCT6, STM32G0C1NEY6TR, STM32G0C1RCI6N, STM32G0C1RCT6N, STM32G0C1REI6N, STM32G0C1RET6N, STM32G0C1VCI6, STM32G0C1VEI6, STM32G471CCT6, STM32G471CCU6, STM32G471CET3, STM32G471CET6, STM32G471CEU3, STM32G471CEU6, STM32G471MCT6, STM32G471MET3, STM32G471MET6, STM32G471MEY6TR, STM32G471QCT6, STM32G471QET3, STM32G471RCT6, STM32G471RET3, STM32G471RET6, STM32G471VCH6, STM32G471VCI6, STM32G471VCT6, STM32G471VEH3, STM32G471VEH6, STM32G471VEI3, STM32G471VEI6, STM32G471VET3, STM32G471VET6, STM32G474CCT6, STM32H503CBT6, STM32H503CBU6, STM32H503EBY6TR, STM32H503KBU6, STM32H503RBT6, STM32H523CCT6, STM32H523CCU6, STM32H523CET6, STM32H523CEU6, STM32H523HEY6TR, STM32H523RCT6, STM32H523RET6, STM32H523VCI6, STM32H523VCT6, STM32H523VEI6, STM32H523VET6, STM32H523ZCJ6, STM32H523ZCT6, STM32H523ZEJ6, STM32H523ZET6, STM32H533CET6, STM32H533CEU6, STM32H533HEY6TR, STM32H533RET6, STM32H533VEI6, STM32H533VET6, STM32H533ZEJ6, STM32H533ZET6, STM32H562AGI6, STM32H562AII6, STM32H562IGK6, STM32H562IGT6, STM32H562IIK6, STM32H562IIT6, STM32H562RGT6, STM32H562RGV6, STM32H562RIT6, STM32H562RIV6, STM32H562VGT6, STM32H562VIT6, STM32H562ZGT6, STM32H562ZIT6, STM32H563AGI6, STM32H563AII3Q, STM32H563AII6, STM32H563IGK6, STM32H563IGT6, STM32H563IIK3Q, STM32H563IIK6, STM32H563IIT3Q, STM32H563IIT6, STM32H563MIY3QTR, STM32H563RGT6, STM32H563RGV6, STM32H563RIT6, STM32H563RIV6, STM32H563VGT6, STM32H563VIT3Q, STM32H563VIT6, STM32H563ZGT6, STM32H563ZIT3Q, STM32H563ZIT6, STM32H573AII3Q, STM32H573AII6, STM32H573I-DK, STM32H573IIK3Q, STM32H573IIK6, STM32H573IIT3Q, STM32H573IIT6, STM32H573MIY3QTR, STM32H573RIT6, STM32H573RIV6, STM32H573VIT3Q, STM32H573VIT6, STM32H573ZIT3Q, STM32H573ZIT6, STM32H7R3A8I6, STM32H7R3I8K6, STM32H7R3I8T6, STM32H7R3L8H6, STM32H7R3L8H6H, STM32H7R3R8V6, STM32H7R3V8H6, STM32H7R3V8T6, STM32H7R3V8Y6, STM32H7R3Z8J6, STM32H7R3Z8T6, STM32H7R7A8I6, STM32H7R7I8K6, STM32H7R7I8T6, STM32H7R7L8H6, STM32H7R7L8H6H, STM32H7R7Z8J6, STM32H7S3A8I6, STM32H7S3I8K6, STM32H7S3I8T6, STM32H7S3L8H6, STM32H7S3L8H6H, STM32H7S3R8V6, STM32H7S3V8H6, STM32H7S3V8T6, STM32H7S3V8Y6, STM32H7S3Z8J6, STM32H7S3Z8T6, STM32H7S78-DK, STM32H7S7A8I6, STM32H7S7I8K6, STM32H7S7I8T6, STM32H7S7L8H6, STM32H7S7L8H6H, STM32H7S7Z8J6, STM32L4R5QGI6STR, STM32MP131AAE3, STM32MP131AAF3, STM32MP131AAG3, STM32MP131CAE3, STM32MP131CAF3, STM32MP131CAG3, STM32MP131DAE7, STM32MP131DAF7, STM32MP131DAG7, STM32MP131FAE7, STM32MP131FAF7, STM32MP131FAG7, STM32MP133AAE3, STM32MP133AAF3, STM32MP133AAG3, STM32MP133CAE3, STM32MP133CAF3, STM32MP133CAG3, STM32MP133DAE7, STM32MP133DAF7, STM32MP133DAG7, STM32MP133FAE7, STM32MP133FAF7, STM32MP133FAG7, STM32MP135AAE3, STM32MP135AAF3, STM32MP135AAG3, STM32MP135CAE3, STM32MP135CAF3, STM32MP135CAG3, STM32MP135DAE7, STM32MP135DAF7, STM32MP135DAG7, STM32MP135F-DK, STM32MP135FAE7, STM32MP135FAF7, STM32MP135FAF7T, STM32MP135FAF7U, STM32MP135FAG7, STM32U031C6T6, STM32U031C6U6, STM32U031C8T6, STM32U031C8U6, STM32U031F4P6, STM32U031F6P6, STM32U031F8P6, STM32U031G6Y6TR, STM32U031G8Y6TR, STM32U031K4U6, STM32U031K6U6, STM32U031K8U6, STM32U031R6I6, STM32U031R6T6, STM32U031R8I6, STM32U031R8T6, STM32U073C8T6, STM32U073C8U6, STM32U073CBT6, STM32U073CBU6, STM32U073CCT6, STM32U073CCU6, STM32U073H8Y6TR, STM32U073HBY6TR, STM32U073HCY6TR, STM32U073K8U6, STM32U073KBU6, STM32U073KCU6, STM32U073M8I6, STM32U073M8T6, STM32U073MBI6, STM32U073MBT6, STM32U073MCI6, STM32U073MCT6, STM32U073R8I6, STM32U073R8T6, STM32U073RBI6, STM32U073RBT6, STM32U073RCI6, STM32U073RCT6, STM32U083C-DK, STM32U083CCT6, STM32U083CCU6, STM32U083HCY6TR, STM32U083KCU6, STM32U083MCI6, STM32U083MCT6, STM32U083RCI6, STM32U083RCT6, STM32U535CBT6, STM32U535CBT6Q, STM32U535CBU6, STM32U535CBU6Q, STM32U535CCT6, STM32U535CCT6Q, STM32U535CCU6, STM32U535CCU6Q, STM32U535CET6, STM32U535CET6Q, STM32U535CEU6, STM32U535CEU6Q, STM32U535JEY6QTR, STM32U535NCY6QTR, STM32U535NEY6QTR, STM32U535RBI6, STM32U535RBI6Q, STM32U535RBT6, STM32U535RBT6Q, STM32U535RCI6, STM32U535RCI6Q, STM32U535RCT6, STM32U535RCT6Q, STM32U535REI6, STM32U535REI6Q, STM32U535RET6, STM32U535RET6Q, STM32U535VCI6, STM32U535VCI6Q, STM32U535VCT6, STM32U535VCT6Q, STM32U535VEI6, STM32U535VEI6Q, STM32U535VET6, STM32U535VET6Q, STM32U545CET6, STM32U545CET6Q, STM32U545CEU6, STM32U545CEU6Q, STM32U545JEY6QTR, STM32U545NEY6QTR, STM32U545REI6, STM32U545REI6Q, STM32U545RET6, STM32U545RET6Q, STM32U545VEI6, STM32U545VEI6Q, STM32U545VET6, STM32U545VET6Q, STM32U595AIH6, STM32U595AIH6Q, STM32U595AJH6, STM32U595AJH6Q, STM32U595QII6, STM32U595QII6Q, STM32U595QJI6, STM32U595QJI6Q, STM32U595RIT6, STM32U595RIT6Q, STM32U595RJT6, STM32U595RJT6Q, STM32U595VIT6, STM32U595VIT6Q, STM32U595VJT6, STM32U595VJT6Q, STM32U595ZIT6, STM32U595ZIT6Q, STM32U595ZIY6QTR, STM32U595ZJT6, STM32U595ZJT6Q, STM32U595ZJY6QTR, STM32U599BJY6QTR, STM32U599NIH6Q, STM32U599NJH6Q, STM32U599VIT6Q, STM32U599VJT6, STM32U599VJT6Q, STM32U599ZIT6Q, STM32U599ZIY6QTR, STM32U599ZJT6Q, STM32U599ZJY6QTR, STM32U5A5AJH6, STM32U5A5AJH6Q, STM32U5A5QII3Q , STM32U5A5QJI6, STM32U5A5QJI6Q, STM32U5A5RJT6, STM32U5A5RJT6Q, STM32U5A5VJT6, STM32U5A5VJT6Q, STM32U5A5ZJT6, STM32U5A5ZJT6Q, STM32U5A5ZJY6QTR, STM32U5A9BJY6QTR, STM32U5A9J-DK, STM32U5A9NJH6Q, STM32U5A9VJT6Q, STM32U5A9ZJT6Q, STM32U5A9ZJY6QTR, STM32U5F7VIT6, STM32U5F7VIT6Q, STM32U5F7VJT6, STM32U5F7VJT6Q, STM32U5F9BJY6QTR, STM32U5F9NJH6Q, STM32U5F9VIT6Q, STM32U5F9VJT6Q, STM32U5F9ZIJ6QTR, STM32U5F9ZIT6Q, STM32U5F9ZJJ6QTR, STM32U5F9ZJT6Q, STM32U5G7VJT6, STM32U5G7VJT6Q, STM32U5G9BJY6QTR, STM32U5G9J-DK1, STM32U5G9J-DK2, STM32U5G9NJH6Q, STM32U5G9VJT6Q, STM32U5G9ZJJ6QTR, STM32U5G9ZJT6Q, STM32WB1MMCH6, STM32WBA50KEU6, STM32WBA50KEU6TR, STM32WBA50KGU6, STM32WBA50KGU6TR, STM32WBA52CEU6, STM32WBA52CEU6TR, STM32WBA52CEU7, STM32WBA52CEU7TR, STM32WBA52CGU6, STM32WBA52CGU6TR, STM32WBA52CGU6U, STM32WBA52CGU7, STM32WBA52CGU7TR, STM32WBA52KEU6, STM32WBA52KEU6TR, STM32WBA52KGU6, STM32WBA52KGU6TR, STM32WBA54CEU6, STM32WBA54CEU6TR, STM32WBA54CEU7, STM32WBA54CEU7TR, STM32WBA54CGU6, STM32WBA54CGU6TR, STM32WBA54CGU7, STM32WBA54CGU7TR, STM32WBA54KEU6, STM32WBA54KEU6TR, STM32WBA54KEU7, STM32WBA54KEU7TR, STM32WBA54KGU6, STM32WBA54KGU6TR, STM32WBA54KGU7, STM32WBA54KGU7TR, STM32WBA55CEU6, STM32WBA55CEU6TR, STM32WBA55CEU7, STM32WBA55CEU7TR, STM32WBA55CGU6, STM32WBA55CGU6TR, STM32WBA55CGU6U, STM32WBA55CGU7, STM32WBA55CGU7TR, STM32WBA55G-DK1, STM32WBA55HEF6, STM32WBA55HEF7, STM32WBA55HGF6, STM32WBA55HGF7, STM32WBA55UEI6, STM32WBA55UEI6TR, STM32WBA55UEI7, STM32WBA55UEI7TR, STM32WBA55UGI6, STM32WBA55UGI6TR, STM32WBA55UGI7, STM32WBA55UGI7TR, STM32WL5MOCH6, STM32WL5MOCH6TR]
2024-06-22 14:50:08,695 [INFO] BoardInfo:889 - No configuration file found for board P-NUCLEO-WB55
2024-06-22 14:50:08,696 [INFO] DbBoards:161 - Kit is not supported: P-NUCLEO-WB55
2024-06-22 14:50:08,705 [INFO] BoardInfo:889 - No configuration file found for board STEVAL-BFA001V1B
2024-06-22 14:50:08,706 [INFO] DbBoards:161 - Kit is not supported: STEVAL-BFA001V1B
2024-06-22 14:50:08,708 [INFO] BoardInfo:889 - No configuration file found for board STEVAL-BFA001V2B
2024-06-22 14:50:08,708 [INFO] DbBoards:161 - Kit is not supported: STEVAL-BFA001V2B
2024-06-22 14:50:08,920 [INFO] DbBoards:168 - Found 199 boards, 196 are supported
2024-06-22 14:50:08,920 [INFO] DbBoards:169 - Found 199 boards, 8 of them is supported for  Bsp
2024-06-22 14:50:08,933 [INFO] ApiDb:423 - Load user favorites file C:\Users\pragn/.stm32cubeide/favorites.boards.txt: 1 item(s)
2024-06-22 14:50:08,933 [INFO] ApiDb:427 - User favorites Boards=[NUCLEO-F401RE]
2024-06-22 14:50:08,934 [INFO] DbBoards:198 - Set 1 / 1 favorites Boards
2024-06-22 14:50:08,937 [INFO] ApiDb:668 - CubeFinder database Data Model version=2.1
2024-06-22 14:50:08,937 [INFO] ApiDb:669 - CubeFinder database Configuration version=3.0.39
2024-06-22 14:50:08,937 [INFO] ApiDb:670 - CubeFinder database generation date=2024-06-05 (1717578087)
2024-06-22 14:50:08,937 [INFO] ApiDb:671 - CubeFinder database FW Pack versions=[FP-ATR-ASTRA1_V2.0.0, FP-SNS-FLIGHT1_V5.0.1, FP-SNS-FLIGHT1_V5.0.2, FP-SNS-MOTENV1_V4.3.1, FP-SNS-MOTENV1_V4.3.2, FP-SNS-MOTENV1_V5.0.0, FP-SNS-MOTENVWB1_V1.4.0, FP-SNS-SMARTAG2_V1.2.0, STM32Cube_FW_C0_V1.1.0, STM32Cube_FW_F4_V1.28.0, STM32Cube_FW_F7_V1.17.2, STM32Cube_FW_G0_V1.6.2, STM32Cube_FW_G4_V1.5.2, STM32Cube_FW_H5_V0.5.1, STM32Cube_FW_H5_V1.1.1, STM32Cube_FW_H5_V1.2.0, STM32Cube_FW_H5_V1.2.0RC4, STM32Cube_FW_H7RS_V1.0.0, STM32Cube_FW_H7RS_V1.0.0RC4, STM32Cube_FW_H7_V1.11.2, STM32Cube_FW_L0_V1.12.2, STM32Cube_FW_L5_V1.5.1, STM32Cube_FW_U0_V1.0.0, STM32Cube_FW_U0_V1.0.0RC1, STM32Cube_FW_U5_V1.3.0RC4, STM32Cube_FW_U5_V1.5.0, STM32Cube_FW_U5_V1.5.0RC1, STM32Cube_FW_WBA_V1.0.0RC1, STM32Cube_FW_WBA_V1.2.0, STM32Cube_FW_WBA_V1.2.0RC2, STM32Cube_FW_WBA_V1.3.0RC1, STM32Cube_FW_WBA_V1.3.1, STM32Cube_FW_WB_V1.15.0RC1, STM32Cube_FW_WB_V1.16.0, STM32Cube_FW_WB_V1.16.0RC2, STM32Cube_FW_WB_V1.18.0, STM32Cube_FW_WB_V1.19.0, STM32Cube_FW_WL_V1.3.0, X-CUBE-ALGOBUILD_V1.4.0, X-CUBE-ALS_V1.0.1, X-CUBE-ALS_V1.0.2, X-CUBE-AZRTOS-F4_V1.1.0, X-CUBE-AZRTOS-F7_V1.1.0, X-CUBE-AZRTOS-G0_V1.1.0, X-CUBE-AZRTOS-G4_V2.0.0, X-CUBE-AZRTOS-H7RS_V1.0.0, X-CUBE-AZRTOS-H7_V3.2.0, X-CUBE-AZRTOS-L4_V1.0.0, X-CUBE-AZRTOS-L4_V2.0.0, X-CUBE-AZRTOS-L5_V1.1.0, X-CUBE-AZRTOS-WB_V2.0.0, X-CUBE-AZRTOS-WL_V2.0.0, X-CUBE-BLE1_V7.0.0, X-CUBE-BLE2_V3.3.0, X-CUBE-BLEMGR_V3.1.0, X-CUBE-EEPRMA1_V4.1.0, X-CUBE-EEPRMA1_V5.1.0, X-CUBE-FREERTOS_V1.2.0, X-CUBE-GNSS1_V6.0.0, X-CUBE-MEMS1_V10.0.0, X-CUBE-MEMS1_V9.1.0, X-CUBE-MEMS1_V9.4.0, X-CUBE-MEMS1_V9.6.0, X-CUBE-NFC4_V3.0.0, X-CUBE-NFC7_V1.0.1, X-CUBE-SFXS2LP1_V4.0.0, X-CUBE-SUBG2_V5.0.0, X-CUBE-TOF1_V3.4.1]
2024-06-22 14:50:10,150 [ERROR] DbExamplesSqlite:437 - Missing JSON key: board_cpn
2024-06-22 14:50:10,150 [ERROR] DbExamplesSqlite:437 - Missing JSON key: board_cpn
2024-06-22 14:50:10,150 [ERROR] DbExamplesSqlite:437 - Missing JSON key: board_cpn
2024-06-22 14:50:10,150 [ERROR] DbExamplesSqlite:437 - Missing JSON key: board_cpn
2024-06-22 14:50:10,272 [INFO] DbExamplesSqlite:395 - Ignored 57 examples not supported by CubeIDE
2024-06-22 14:50:10,272 [INFO] DbExamplesSqlite:396 - Found 8190 examples active
2024-06-22 14:50:10,272 [INFO] DbExamplesSqlite:397 - Found 876 examples obsolete
2024-06-22 14:50:10,272 [INFO] DbExamplesSqlite:398 - Found 0 examples under development
2024-06-22 14:50:10,272 [INFO] DbExamplesSqlite:399 - Found 10 examples not building
2024-06-22 14:50:10,274 [INFO] DbExamples:125 - Found 8143 examples
2024-06-22 14:50:10,294 [INFO] DbExamples:222 - Found 101 boards with related examples
2024-06-22 14:50:10,295 [INFO] DbExamples:235 - Found 86 MCUs with related examples
2024-06-22 14:50:10,327 [INFO] ApiDb:414 - User favorites file not found: C:\Users\pragn/.stm32cubeide/favorites.examples.txt
2024-06-22 14:50:10,327 [INFO] DbExamples:250 - Set 0 / 0 favorites Examples
2024-06-22 14:50:10,744 [INFO] McuFinderGlobals:76 - Set McuFinderConnectedMode to true
2024-06-22 14:50:10,758 [INFO] MultiScanPanel:200 - Auto-refresh data requested => check proxy status ongoing
2024-06-22 14:50:10,764 [INFO] FinderPluginLoader:95 - Searching for filters in installed packs
2024-06-22 14:50:12,680 [INFO] LoadUrlFilesThread:185 - End of LoadServerUrlFiles without Thread
2024-06-22 14:50:12,718 [INFO] DetailPanel:341 - Set advertising image to C:/Users/pragn/STM32Cube/Repository/\en.prom-stm32h7rs-mcu-finder.jpg
2024-06-22 14:50:18,804 [INFO] MultiScanPanel:200 - Auto-refresh data requested => check proxy status ongoing
2024-06-22 14:50:19,066 [INFO] LoadUrlFilesThread:185 - End of LoadServerUrlFiles without Thread
2024-06-22 14:50:19,067 [INFO] DetailPanel:341 - Set advertising image to C:/Users/pragn/STM32Cube/Repository/\en.prom-stm32h7rs-mcu-finder.jpg
2024-06-22 14:50:19,089 [INFO] DbBoards:642 - Loading board mini-images...
2024-06-22 14:50:22,578 [INFO] DbBoards:665 - Loaded 199 board mini-images
2024-06-22 14:51:11,064 [INFO] McuFinderGlobals:76 - Set McuFinderConnectedMode to true
2024-06-22 14:51:11,068 [INFO] ApiDb:448 - Save user favorites file C:\Users\pragn/.stm32cubeide/favorites.mcus.txt: 0 item(s)
2024-06-22 14:51:11,068 [INFO] ApiDb:452 - User favorites MCUs=[]
2024-06-22 14:51:11,070 [INFO] ApiDb:448 - Save user favorites file C:\Users\pragn/.stm32cubeide/favorites.boards.txt: 1 item(s)
2024-06-22 14:51:11,070 [INFO] ApiDb:452 - User favorites Boards=[NUCLEO-F401RE]
2024-06-22 14:54:57,827 [INFO] LogOutputStream:77 - [STDOUT_REDIRECT] StartTraceHandler.execute(), success : Collect=true
